Flow report for Key_Cnt
Tue Nov 24 21:39:31 2020
Quartus II 64-Bit Version 15.0.0 Build 145 04/22/2015 SJ Full Version


---------------------
; Table of Contents ;
---------------------
  1. Legal Notice
  2. Flow Summary
  3. Flow Settings
  4. Flow Non-Default Global Settings
  5. Flow Elapsed Time
  6. Flow OS Summary
  7. Flow Log
  8. Flow Messages
  9. Flow Suppressed Messages



----------------
; Legal Notice ;
----------------
Copyright (C) 1991-2015 Altera Corporation. All rights reserved.
Your use of Altera Corporation's design tools, logic functions 
and other software and tools, and its AMPP partner logic 
functions, and any output files from any of the foregoing 
(including device programming or simulation files), and any 
associated documentation or information are expressly subject 
to the terms and conditions of the Altera Program License 
Subscription Agreement, the Altera Quartus II License Agreement,
the Altera MegaCore Function License Agreement, or other 
applicable license agreement, including, without limitation, 
that your use is for the sole purpose of programming logic 
devices manufactured by Altera and sold by Altera or its 
authorized distributors.  Please refer to the applicable 
agreement for further details.



+----------------------------------------------------------------------------------+
; Flow Summary                                                                     ;
+------------------------------------+---------------------------------------------+
; Flow Status                        ; Successful - Tue Nov 24 21:39:31 2020       ;
; Quartus II 64-Bit Version          ; 15.0.0 Build 145 04/22/2015 SJ Full Version ;
; Revision Name                      ; Key_Cnt                                     ;
; Top-level Entity Name              ; key_time_cnt                                ;
; Family                             ; Cyclone IV E                                ;
; Device                             ; EP4CE10F17C8                                ;
; Timing Models                      ; Final                                       ;
; Total logic elements               ; 184 / 10,320 ( 2 % )                        ;
;     Total combinational functions  ; 140 / 10,320 ( 1 % )                        ;
;     Dedicated logic registers      ; 158 / 10,320 ( 2 % )                        ;
; Total registers                    ; 158                                         ;
; Total pins                         ; 4 / 180 ( 2 % )                             ;
; Total virtual pins                 ; 0                                           ;
; Total memory bits                  ; 0 / 423,936 ( 0 % )                         ;
; Embedded Multiplier 9-bit elements ; 0 / 46 ( 0 % )                              ;
; Total PLLs                         ; 0 / 2 ( 0 % )                               ;
+------------------------------------+---------------------------------------------+


+-----------------------------------------+
; Flow Settings                           ;
+-------------------+---------------------+
; Option            ; Setting             ;
+-------------------+---------------------+
; Start date & time ; 11/24/2020 21:39:08 ;
; Main task         ; Compilation         ;
; Revision Name     ; Key_Cnt             ;
+-------------------+---------------------+


+-------------------------------------------------------------------------------------------------------------------------------+
; Flow Non-Default Global Settings                                                                                              ;
+--------------------------------------+---------------------------------------+---------------+--------------+-----------------+
; Assignment Name                      ; Value                                 ; Default Value ; Entity Name  ; Section Id      ;
+--------------------------------------+---------------------------------------+---------------+--------------+-----------------+
; COMPILER_SIGNATURE_ID                ; 119071806430215.160622514806372       ; --            ; --           ; --              ;
; EDA_DESIGN_INSTANCE_NAME             ; NA                                    ; --            ; --           ; key_time_cnt_tb ;
; EDA_DESIGN_INSTANCE_NAME             ; NA                                    ; --            ; --           ; ctr_tb          ;
; EDA_NATIVELINK_SIMULATION_TEST_BENCH ; key_time_cnt_tb                       ; --            ; --           ; eda_simulation  ;
; EDA_OUTPUT_DATA_FORMAT               ; Verilog Hdl                           ; --            ; --           ; eda_simulation  ;
; EDA_SIMULATION_TOOL                  ; ModelSim-Altera (Verilog)             ; <None>        ; --           ; --              ;
; EDA_TEST_BENCH_ENABLE_STATUS         ; TEST_BENCH_MODE                       ; --            ; --           ; eda_simulation  ;
; EDA_TEST_BENCH_FILE                  ; testbench/key_time_cnt_tb.v           ; --            ; --           ; key_time_cnt_tb ;
; EDA_TEST_BENCH_FILE                  ; testbench/ctr_tb.v                    ; --            ; --           ; ctr_tb          ;
; EDA_TEST_BENCH_MODULE_NAME           ; key_time_cnt_tb                       ; --            ; --           ; key_time_cnt_tb ;
; EDA_TEST_BENCH_MODULE_NAME           ; ctr_tb                                ; --            ; --           ; ctr_tb          ;
; EDA_TEST_BENCH_NAME                  ; ctr_tb                                ; --            ; --           ; eda_simulation  ;
; EDA_TEST_BENCH_NAME                  ; key_time_cnt_tb                       ; --            ; --           ; eda_simulation  ;
; EDA_TIME_SCALE                       ; 1 ps                                  ; --            ; --           ; eda_simulation  ;
; MAX_CORE_JUNCTION_TEMP               ; 85                                    ; --            ; --           ; --              ;
; MIN_CORE_JUNCTION_TEMP               ; 0                                     ; --            ; --           ; --              ;
; NOMINAL_CORE_SUPPLY_VOLTAGE          ; 1.2V                                  ; --            ; --           ; --              ;
; PARTITION_COLOR                      ; 16764057                              ; --            ; key_time_cnt ; Top             ;
; PARTITION_FITTER_PRESERVATION_LEVEL  ; PLACEMENT_AND_ROUTING                 ; --            ; key_time_cnt ; Top             ;
; PARTITION_NETLIST_TYPE               ; SOURCE                                ; --            ; key_time_cnt ; Top             ;
; POWER_BOARD_THERMAL_MODEL            ; None (CONSERVATIVE)                   ; --            ; --           ; --              ;
; POWER_PRESET_COOLING_SOLUTION        ; 23 MM HEAT SINK WITH 200 LFPM AIRFLOW ; --            ; --           ; --              ;
; PROJECT_OUTPUT_DIRECTORY             ; output_files                          ; --            ; --           ; --              ;
; TOP_LEVEL_ENTITY                     ; key_time_cnt                          ; Key_Cnt       ; --           ; --              ;
+--------------------------------------+---------------------------------------+---------------+--------------+-----------------+


+-------------------------------------------------------------------------------------------------------------------------------+
; Flow Elapsed Time                                                                                                             ;
+---------------------------+--------------+-------------------------+---------------------+------------------------------------+
; Module Name               ; Elapsed Time ; Average Processors Used ; Peak Virtual Memory ; Total CPU Time (on all processors) ;
+---------------------------+--------------+-------------------------+---------------------+------------------------------------+
; Analysis & Synthesis      ; 00:00:08     ; 1.0                     ; 4861 MB             ; 00:00:17                           ;
; Fitter                    ; 00:00:04     ; 1.0                     ; 5771 MB             ; 00:00:04                           ;
; Assembler                 ; 00:00:00     ; 1.0                     ; 4749 MB             ; 00:00:01                           ;
; TimeQuest Timing Analyzer ; 00:00:01     ; 1.0                     ; 4881 MB             ; 00:00:01                           ;
; EDA Netlist Writer        ; 00:00:01     ; 1.0                     ; 4716 MB             ; 00:00:01                           ;
; Total                     ; 00:00:14     ; --                      ; --                  ; 00:00:24                           ;
+---------------------------+--------------+-------------------------+---------------------+------------------------------------+


+----------------------------------------------------------------------------------------+
; Flow OS Summary                                                                        ;
+---------------------------+------------------+-----------+------------+----------------+
; Module Name               ; Machine Hostname ; OS Name   ; OS Version ; Processor type ;
+---------------------------+------------------+-----------+------------+----------------+
; Analysis & Synthesis      ; DESKTOP-6JHNMGM  ; Windows 7 ; 6.2        ; x86_64         ;
; Fitter                    ; DESKTOP-6JHNMGM  ; Windows 7 ; 6.2        ; x86_64         ;
; Assembler                 ; DESKTOP-6JHNMGM  ; Windows 7 ; 6.2        ; x86_64         ;
; TimeQuest Timing Analyzer ; DESKTOP-6JHNMGM  ; Windows 7 ; 6.2        ; x86_64         ;
; EDA Netlist Writer        ; DESKTOP-6JHNMGM  ; Windows 7 ; 6.2        ; x86_64         ;
+---------------------------+------------------+-----------+------------+----------------+


------------
; Flow Log ;
------------
quartus_map --read_settings_files=on --write_settings_files=off Key_Cnt -c Key_Cnt
quartus_fit --read_settings_files=off --write_settings_files=off Key_Cnt -c Key_Cnt
quartus_asm --read_settings_files=off --write_settings_files=off Key_Cnt -c Key_Cnt
quartus_sta Key_Cnt -c Key_Cnt
quartus_eda --read_settings_files=off --write_settings_files=off Key_Cnt -c Key_Cnt



